<?xml version="1.0" encoding="UTF-8"?>
<testng-results ignored="0" total="1" passed="1" failed="0" skipped="0">
  <reporter-output>
  </reporter-output>
  <suite started-at="2025-09-29T22:08:41 IST" name="Default suite" finished-at="2025-09-29T22:08:44 IST" duration-ms="3013">
    <groups>
    </groups>
    <test started-at="2025-09-29T22:08:41 IST" name="Default test" finished-at="2025-09-29T22:08:44 IST" duration-ms="3013">
      <class name="Day1.HttpReq">
        <test-method signature="getUsers()[pri:0, instance:Day1.HttpReq@67c27493]" started-at="2025-09-29T22:08:41 IST" name="getUsers" finished-at="2025-09-29T22:08:44 IST" duration-ms="2962" status="PASS">
          <reporter-output>
          </reporter-output>
        </test-method> <!-- getUsers -->
      </class> <!-- Day1.HttpReq -->
    </test> <!-- Default test -->
  </suite> <!-- Default suite -->
</testng-results>
