<?xml version="1.0" encoding="UTF-8"?>
<testng-results ignored="0" total="2" passed="2" failed="0" skipped="0">
  <reporter-output>
  </reporter-output>
  <suite started-at="2025-06-01T20:02:29 IST" name="Default suite" finished-at="2025-06-01T20:02:33 IST" duration-ms="3996">
    <groups>
    </groups>
    <test started-at="2025-06-01T20:02:29 IST" name="Default test" finished-at="2025-06-01T20:02:33 IST" duration-ms="3996">
      <class name="Day1.HttpReq">
        <test-method signature="createUser()[pri:0, instance:Day1.HttpReq@385c9627]" started-at="2025-06-01T20:02:29 IST" name="createUser" finished-at="2025-06-01T20:02:32 IST" duration-ms="3042" status="PASS">
          <reporter-output>
          </reporter-output>
        </test-method> <!-- createUser -->
        <test-method signature="getUsers()[pri:0, instance:Day1.HttpReq@385c9627]" started-at="2025-06-01T20:02:32 IST" name="getUsers" finished-at="2025-06-01T20:02:32 IST" duration-ms="878" status="PASS">
          <reporter-output>
          </reporter-output>
        </test-method> <!-- getUsers -->
      </class> <!-- Day1.HttpReq -->
    </test> <!-- Default test -->
  </suite> <!-- Default suite -->
</testng-results>
